# JRE version: OpenJDK Runtime Environment Temurin-17.0.5+8 (17.0.5+8) (build 17.0.5+8)
# Java VM: OpenJDK 64-Bit Server VM Temurin-17.0.5+8 (17.0.5+8, mixed mode, emulated-client, tiered, compressed oops, compressed class ptrs, g1 gc, windows-amd64)
GC Precious Log:
 CPUs: 4 total, 4 available
 Memory: 8106M
 Large Page Support: Disabled
 NUMA Support: Disabled
 Compressed Oops: Enabled (32-bit)
 Heap Region Size: 1M
 Heap Min Capacity: 8M
 Heap Initial Capacity: 128M
 Heap Max Capacity: 2028M
 Pre-touch: Disabled
 Parallel Workers: 4
 Concurrent Workers: 1
 Concurrent Refinement Workers: 4
 Periodic GC: Disabled
Heap:
 garbage-first heap   total 75776K, used 33717K [0x0000000081400000, 0x0000000100000000)
  region size 1024K, 13 young (13312K), 2 survivors (2048K)
 Metaspace       used 36302K, committed 36608K, reserved 1081344K
  class space    used 4653K, committed 4800K, reserved 1048576K
GC Heap History (20 events):
Event: 3.065 GC heap before
{Heap before GC invocations=0 (full 0):
 garbage-first heap   total 131072K, used 12288K [0x0000000081400000, 0x0000000100000000)
  region size 1024K, 13 young (13312K), 0 survivors (0K)
 Metaspace       used 6443K, committed 6656K, reserved 1056768K
  class space    used 654K, committed 768K, reserved 1048576K
}
Event: 3.548 GC heap after
{Heap after GC invocations=1 (full 0):
 garbage-first heap   total 131072K, used 7010K [0x0000000081400000, 0x0000000100000000)
  region size 1024K, 2 young (2048K), 2 survivors (2048K)
 Metaspace       used 6443K, committed 6656K, reserved 1056768K
  class space    used 654K, committed 768K, reserved 1048576K
}
Event: 4.592 GC heap before
{Heap before GC invocations=1 (full 0):
 garbage-first heap   total 131072K, used 14178K [0x0000000081400000, 0x0000000100000000)
  region size 1024K, 10 young (10240K), 2 survivors (2048K)
 Metaspace       used 9371K, committed 9536K, reserved 1064960K
  class space    used 1057K, committed 1152K, reserved 1048576K
}
Event: 4.597 GC heap after
{Heap after GC invocations=2 (full 0):
 garbage-first heap   total 131072K, used 8436K [0x0000000081400000, 0x0000000100000000)
  region size 1024K, 2 young (2048K), 2 survivors (2048K)
 Metaspace       used 9371K, committed 9536K, reserved 1064960K
  class space    used 1057K, committed 1152K, reserved 1048576K
}
Event: 7.232 GC heap before
{Heap before GC invocations=2 (full 0):
 garbage-first heap   total 131072K, used 28916K [0x0000000081400000, 0x0000000100000000)
  region size 1024K, 23 young (23552K), 2 survivors (2048K)
 Metaspace       used 15877K, committed 16128K, reserved 1064960K
  class space    used 1910K, committed 2048K, reserved 1048576K
}
Event: 7.241 GC heap after
{Heap after GC invocations=3 (full 0):
 garbage-first heap   total 131072K, used 10671K [0x0000000081400000, 0x0000000100000000)
  region size 1024K, 3 young (3072K), 3 survivors (3072K)
 Metaspace       used 15877K, committed 16128K, reserved 1064960K
  class space    used 1910K, committed 2048K, reserved 1048576K
}
Event: 8.948 GC heap before
{Heap before GC invocations=3 (full 0):
 garbage-first heap   total 131072K, used 33199K [0x0000000081400000, 0x0000000100000000)
  region size 1024K, 27 young (27648K), 3 survivors (3072K)
 Metaspace       used 21336K, committed 21504K, reserved 1073152K
  class space    used 2592K, committed 2688K, reserved 1048576K
}
Event: 8.954 GC heap after
{Heap after GC invocations=4 (full 0):
 garbage-first heap   total 131072K, used 12068K [0x0000000081400000, 0x0000000100000000)
  region size 1024K, 5 young (5120K), 5 survivors (5120K)
 Metaspace       used 21336K, committed 21504K, reserved 1073152K
  class space    used 2592K, committed 2688K, reserved 1048576K
}
Event: 10.075 GC heap before
{Heap before GC invocations=5 (full 0):
 garbage-first heap   total 51200K, used 37668K [0x0000000081400000, 0x0000000100000000)
  region size 1024K, 30 young (30720K), 5 survivors (5120K)
 Metaspace       used 25020K, committed 25280K, reserved 1073152K
  class space    used 3069K, committed 3200K, reserved 1048576K
}
Event: 10.086 GC heap after
{Heap after GC invocations=6 (full 0):
 garbage-first heap   total 51200K, used 13326K [0x0000000081400000, 0x0000000100000000)
  region size 1024K, 3 young (3072K), 3 survivors (3072K)
 Metaspace       used 25020K, committed 25280K, reserved 1073152K
  class space    used 3069K, committed 3200K, reserved 1048576K
}
Event: 11.705 GC heap before
{Heap before GC invocations=6 (full 0):
 garbage-first heap   total 51200K, used 32782K [0x0000000081400000, 0x0000000100000000)
  region size 1024K, 23 young (23552K), 3 survivors (3072K)
 Metaspace       used 28345K, committed 28672K, reserved 1081344K
  class space    used 3545K, committed 3712K, reserved 1048576K
}
Event: 11.717 GC heap after
{Heap after GC invocations=7 (full 0):
 garbage-first heap   total 51200K, used 15383K [0x0000000081400000, 0x0000000100000000)
  region size 1024K, 3 young (3072K), 3 survivors (3072K)
 Metaspace       used 28345K, committed 28672K, reserved 1081344K
  class space    used 3545K, committed 3712K, reserved 1048576K
}
Event: 13.295 GC heap before
{Heap before GC invocations=7 (full 0):
 garbage-first heap   total 51200K, used 35863K [0x0000000081400000, 0x0000000100000000)
  region size 1024K, 23 young (23552K), 3 survivors (3072K)
 Metaspace       used 32328K, committed 32576K, reserved 1081344K
  class space    used 4107K, committed 4224K, reserved 1048576K
}
Event: 13.302 GC heap after
{Heap after GC invocations=8 (full 0):
 garbage-first heap   total 51200K, used 17544K [0x0000000081400000, 0x0000000100000000)
  region size 1024K, 3 young (3072K), 3 survivors (3072K)
 Metaspace       used 32328K, committed 32576K, reserved 1081344K
  class space    used 4107K, committed 4224K, reserved 1048576K
}
Event: 14.267 GC heap before
{Heap before GC invocations=8 (full 0):
 garbage-first heap   total 51200K, used 34952K [0x0000000081400000, 0x0000000100000000)
  region size 1024K, 21 young (21504K), 3 survivors (3072K)
 Metaspace       used 35341K, committed 35712K, reserved 1081344K
  class space    used 4570K, committed 4736K, reserved 1048576K
}
Event: 14.278 GC heap after
{Heap after GC invocations=9 (full 0):
 garbage-first heap   total 51200K, used 19336K [0x0000000081400000, 0x0000000100000000)
  region size 1024K, 2 young (2048K), 2 survivors (2048K)
 Metaspace       used 35341K, committed 35712K, reserved 1081344K
  class space    used 4570K, committed 4736K, reserved 1048576K
}
Event: 14.549 GC heap before
{Heap before GC invocations=9 (full 0):
 garbage-first heap   total 51200K, used 36744K [0x0000000081400000, 0x0000000100000000)
  region size 1024K, 21 young (21504K), 2 survivors (2048K)
 Metaspace       used 35720K, committed 36032K, reserved 1081344K
  class space    used 4613K, committed 4736K, reserved 1048576K
}
Event: 14.556 GC heap after
{Heap after GC invocations=10 (full 0):
 garbage-first heap   total 51200K, used 22959K [0x0000000081400000, 0x0000000100000000)
  region size 1024K, 3 young (3072K), 3 survivors (3072K)
 Metaspace       used 35720K, committed 36032K, reserved 1081344K
  class space    used 4613K, committed 4736K, reserved 1048576K
}
Event: 14.708 GC heap before
{Heap before GC invocations=10 (full 0):
 garbage-first heap   total 51200K, used 29103K [0x0000000081400000, 0x0000000100000000)
  region size 1024K, 11 young (11264K), 3 survivors (3072K)
 Metaspace       used 35950K, committed 36288K, reserved 1081344K
  class space    used 4628K, committed 4800K, reserved 1048576K
}
Event: 14.713 GC heap after
{Heap after GC invocations=11 (full 0):
 garbage-first heap   total 75776K, used 24501K [0x0000000081400000, 0x0000000100000000)
  region size 1024K, 2 young (2048K), 2 survivors (2048K)
 Metaspace       used 35950K, committed 36288K, reserved 1081344K
  class space    used 4628K, committed 4800K, reserved 1048576K
}

